<?xml version="1.0" encoding="UTF-8"?>
<testng-results ignored="0" total="1" passed="1" failed="0" skipped="0">
  <reporter-output>
  </reporter-output>
  <suite started-at="2023-11-06T18:52:54 IST" name="Default suite" finished-at="2023-11-06T18:53:05 IST" duration-ms="11095">
    <groups>
    </groups>
    <test started-at="2023-11-06T18:52:54 IST" name="Default test" finished-at="2023-11-06T18:53:05 IST" duration-ms="11095">
      <class name="tests.Login">
        <test-method is-config="true" signature="setup()[pri:0, instance:tests.Login@7c24b813]" started-at="2023-11-06T18:52:54 IST" name="setup" finished-at="2023-11-06T18:53:00 IST" duration-ms="6469" status="PASS">
          <reporter-output>
          </reporter-output>
        </test-method> <!-- setup -->
        <test-method signature="log()[pri:0, instance:tests.Login@7c24b813]" started-at="2023-11-06T18:53:00 IST" name="log" finished-at="2023-11-06T18:53:03 IST" duration-ms="3244" status="PASS">
          <reporter-output>
          </reporter-output>
        </test-method> <!-- log -->
        <test-method is-config="true" signature="end()[pri:0, instance:tests.Login@7c24b813]" started-at="2023-11-06T18:53:04 IST" name="end" finished-at="2023-11-06T18:53:05 IST" duration-ms="1147" status="PASS">
          <reporter-output>
          </reporter-output>
        </test-method> <!-- end -->
      </class> <!-- tests.Login -->
    </test> <!-- Default test -->
  </suite> <!-- Default suite -->
</testng-results>
