<?xml version="1.0" encoding="UTF-8"?>
<testng-results ignored="0" total="1" passed="1" failed="0" skipped="0">
  <reporter-output>
  </reporter-output>
  <suite started-at="2023-11-07T15:53:12 IST" name="Default suite" finished-at="2023-11-07T15:53:31 IST" duration-ms="19163">
    <groups>
    </groups>
    <test started-at="2023-11-07T15:53:12 IST" name="Default test" finished-at="2023-11-07T15:53:31 IST" duration-ms="19163">
      <class name="tests.Login">
        <test-method is-config="true" signature="setup()[pri:0, instance:tests.Login@7c24b813]" started-at="2023-11-07T15:53:12 IST" name="setup" finished-at="2023-11-07T15:53:22 IST" duration-ms="10330" status="PASS">
          <reporter-output>
          </reporter-output>
        </test-method> <!-- setup -->
        <test-method signature="log()[pri:0, instance:tests.Login@7c24b813]" started-at="2023-11-07T15:53:22 IST" name="log" finished-at="2023-11-07T15:53:29 IST" duration-ms="6836" status="PASS">
          <reporter-output>
          </reporter-output>
        </test-method> <!-- log -->
        <test-method is-config="true" signature="end()[pri:0, instance:tests.Login@7c24b813]" started-at="2023-11-07T15:53:29 IST" name="end" finished-at="2023-11-07T15:53:31 IST" duration-ms="1597" status="PASS">
          <reporter-output>
          </reporter-output>
        </test-method> <!-- end -->
      </class> <!-- tests.Login -->
    </test> <!-- Default test -->
  </suite> <!-- Default suite -->
</testng-results>
